Build started 2015/11/12 14:52:14.
     1>Project "E:\project\findLine\caowenming\LBPLine2\caowenming.vcxproj" on node 2 (build target(s)).
     1>InitializeBuildStatus:
         Creating "Debug\caowenming.unsuccessfulbuild" because "AlwaysCreate" was specified.
       ClCompile:
         D:\Program Files (x86)\Microsoft Visual Studio 10.0\VC\bin\CL.exe /c /ZI /nologo /W3 /WX- /Od /Oy- /D WIN32 /D _DEBUG /D _CONSOLE /D _UNICODE /D UNICODE /Gm /EHsc /RTC1 /MDd /GS /fp:precise /Zc:wchar_t /Zc:forScope /Fo"Debug\\" /Fd"Debug\vc100.pdb" /Gd /TP /analyze- /errorReport:prompt m.cpp
         m.cpp
     1>e:\project\findline\caowenming\lbpline2\fcm.h(25): warning C4244: 'argument' : conversion from 'double' to 'int', possible loss of data
     1>e:\project\findline\caowenming\lbpline2\fcm.h(33): warning C4244: 'argument' : conversion from 'double' to 'int', possible loss of data
     1>e:\project\findline\caowenming\lbpline2\fcm.h(41): warning C4244: 'argument' : conversion from 'double' to 'int', possible loss of data
     1>e:\project\findline\caowenming\lbpline2\fcm.h(49): warning C4244: 'argument' : conversion from 'double' to 'int', possible loss of data
       ManifestResourceCompile:
         All outputs are up-to-date.
       Link:
         D:\Program Files (x86)\Microsoft Visual Studio 10.0\VC\bin\link.exe /ERRORREPORT:PROMPT /OUT:"E:\project\findLine\Debug\caowenming.exe" /INCREMENTAL /NOLOGO opencv_calib3d244d.lib opencv_contrib244d.lib opencv_core244d.lib opencv_features2d244d.lib opencv_flann244d.lib opencv_gpu244d.lib opencv_highgui244d.lib opencv_imgproc244d.lib opencv_legacy244d.lib opencv_ml244d.lib opencv_nonfree244d.lib opencv_objdetect244d.lib opencv_photo244d.lib opencv_stitching244d.lib opencv_ts244d.lib opencv_video244d.lib opencv_videostab244d.lib opencv_calib3d244.lib opencv_contrib244.lib opencv_core244.lib opencv_features2d244.lib opencv_flann244.lib opencv_gpu244.lib opencv_highgui244.lib opencv_imgproc244.lib opencv_legacy244.lib opencv_ml244.lib opencv_nonfree244.lib opencv_objdetect244.lib opencv_photo244.lib opencv_stitching244.lib opencv_ts244.lib opencv_video244.lib opencv_videostab244.lib kernel32.lib user32.lib gdi32.lib winspool.lib comdlg32.lib advapi32.lib shell32.lib ole32.lib oleaut32.lib uuid.lib odbc32.lib odbccp32.lib /MANIFEST /ManifestFile:"Debug\caowenming.exe.intermediate.manifest" /MANIFESTUAC:"level='asInvoker' uiAccess='false'" /DEBUG /PDB:"E:\project\findLine\Debug\caowenming.pdb" /SUBSYSTEM:CONSOLE /TLBID:1 /DYNAMICBASE /NXCOMPAT /IMPLIB:"E:\project\findLine\Debug\caowenming.lib" /MACHINE:X86 Debug\caowenming.exe.embed.manifest.res
         Debug\lbp.obj
         Debug\m.obj
       Manifest:
         C:\Program Files (x86)\Microsoft SDKs\Windows\v7.0A\bin\mt.exe /nologo /verbose /out:"Debug\caowenming.exe.embed.manifest" /manifest Debug\caowenming.exe.intermediate.manifest
         All outputs are up-to-date.
       LinkEmbedManifest:
         All outputs are up-to-date.
         caowenming.vcxproj -> E:\project\findLine\Debug\caowenming.exe
       FinalizeBuildStatus:
         Deleting file "Debug\caowenming.unsuccessfulbuild".
         Touching "Debug\caowenming.lastbuildstate".
     1>Done Building Project "E:\project\findLine\caowenming\LBPLine2\caowenming.vcxproj" (build target(s)).

Build succeeded.

Time Elapsed 00:00:01.17
